0 info it worked if it ends with ok
1 verbose cli [ '/usr/local/bin/node',
1 verbose cli   '/usr/local/bin/npm',
1 verbose cli   'install',
1 verbose cli   '-g',
1 verbose cli   'react-tools' ]
2 info using npm@2.15.1
3 info using node@v4.4.3
4 verbose install initial load of /usr/local/lib/package.json
5 verbose readDependencies loading dependencies from /usr/local/lib/package.json
6 silly cache add args [ 'react-tools', null ]
7 verbose cache add spec react-tools
8 silly cache add parsed spec Result {
8 silly cache add   raw: 'react-tools',
8 silly cache add   scope: null,
8 silly cache add   name: 'react-tools',
8 silly cache add   rawSpec: '',
8 silly cache add   spec: 'latest',
8 silly cache add   type: 'tag' }
9 silly addNamed react-tools@latest
10 verbose addNamed "latest" is being treated as a dist-tag for react-tools
11 info addNameTag [ 'react-tools', 'latest' ]
12 silly mapToRegistry name react-tools
13 silly mapToRegistry using default registry
14 silly mapToRegistry registry https://registry.npmjs.org/
15 silly mapToRegistry data Result {
15 silly mapToRegistry   raw: 'react-tools',
15 silly mapToRegistry   scope: null,
15 silly mapToRegistry   name: 'react-tools',
15 silly mapToRegistry   rawSpec: '',
15 silly mapToRegistry   spec: 'latest',
15 silly mapToRegistry   type: 'tag' }
16 silly mapToRegistry uri https://registry.npmjs.org/react-tools
17 verbose addNameTag registry:https://registry.npmjs.org/react-tools not in flight; fetching
18 verbose request uri https://registry.npmjs.org/react-tools
19 verbose request no auth needed
20 info attempt registry request try #1 at 17:59:34
21 verbose request id 8197e25336c11fd3
22 http request GET https://registry.npmjs.org/react-tools
23 http 200 https://registry.npmjs.org/react-tools
24 verbose headers { server: 'CouchDB/1.6.1 (Erlang OTP/R16B03)',
24 verbose headers   etag: '"9GC9I86XH1C47FYM04EL5BO92"',
24 verbose headers   'content-type': 'application/json',
24 verbose headers   'content-encoding': 'gzip',
24 verbose headers   'cache-control': 'max-age=300',
24 verbose headers   'content-length': '9189',
24 verbose headers   'accept-ranges': 'bytes',
24 verbose headers   date: 'Tue, 12 Jul 2016 09:59:36 GMT',
24 verbose headers   via: '1.1 varnish',
24 verbose headers   age: '59',
24 verbose headers   connection: 'keep-alive',
24 verbose headers   'x-served-by': 'cache-itm7425-ITM',
24 verbose headers   'x-cache': 'HIT',
24 verbose headers   'x-cache-hits': '3',
24 verbose headers   'x-timer': 'S1468317576.196209,VS0,VE0',
24 verbose headers   vary: 'Accept-Encoding' }
25 silly get cb [ 200,
25 silly get   { server: 'CouchDB/1.6.1 (Erlang OTP/R16B03)',
25 silly get     etag: '"9GC9I86XH1C47FYM04EL5BO92"',
25 silly get     'content-type': 'application/json',
25 silly get     'content-encoding': 'gzip',
25 silly get     'cache-control': 'max-age=300',
25 silly get     'content-length': '9189',
25 silly get     'accept-ranges': 'bytes',
25 silly get     date: 'Tue, 12 Jul 2016 09:59:36 GMT',
25 silly get     via: '1.1 varnish',
25 silly get     age: '59',
25 silly get     connection: 'keep-alive',
25 silly get     'x-served-by': 'cache-itm7425-ITM',
25 silly get     'x-cache': 'HIT',
25 silly get     'x-cache-hits': '3',
25 silly get     'x-timer': 'S1468317576.196209,VS0,VE0',
25 silly get     vary: 'Accept-Encoding' } ]
26 verbose get saving react-tools to /Users/XU-MAC/.npm/registry.npmjs.org/react-tools/.cache.json
27 verbose correctMkdir /Users/XU-MAC/.npm correctMkdir not in flight; initializing
28 silly addNameTag next cb for react-tools with tag latest
29 silly addNamed react-tools@0.13.3
30 verbose addNamed "0.13.3" is a plain semver version for react-tools
31 warn deprecated react-tools@0.13.3: react-tools is deprecated. For more information, visit https://fb.me/react-tools-deprecated
32 silly mapToRegistry name react-tools
33 silly mapToRegistry using default registry
34 silly mapToRegistry registry https://registry.npmjs.org/
35 silly mapToRegistry data Result {
35 silly mapToRegistry   raw: 'react-tools',
35 silly mapToRegistry   scope: null,
35 silly mapToRegistry   name: 'react-tools',
35 silly mapToRegistry   rawSpec: '',
35 silly mapToRegistry   spec: 'latest',
35 silly mapToRegistry   type: 'tag' }
36 silly mapToRegistry uri https://registry.npmjs.org/react-tools
37 verbose addRemoteTarball https://registry.npmjs.org/react-tools/-/react-tools-0.13.3.tgz not in flight; adding
38 verbose addRemoteTarball [ 'https://registry.npmjs.org/react-tools/-/react-tools-0.13.3.tgz',
38 verbose addRemoteTarball   'da6ac7d4d7777a59a5e951cf46e72fd4b6b40a2c' ]
39 info retry fetch attempt 1 at 17:59:36
40 info attempt registry request try #1 at 17:59:36
41 http fetch GET https://registry.npmjs.org/react-tools/-/react-tools-0.13.3.tgz
42 http fetch 200 https://registry.npmjs.org/react-tools/-/react-tools-0.13.3.tgz
43 silly fetchAndShaCheck shasum da6ac7d4d7777a59a5e951cf46e72fd4b6b40a2c
44 verbose addTmpTarball /var/folders/pk/c05l_sqd7jg3lb6pr7lh821w0000gn/T/npm-7682-02420546/registry.npmjs.org/react-tools/-/react-tools-0.13.3.tgz not in flight; adding
45 verbose addTmpTarball already have metadata; skipping unpack for react-tools@0.13.3
46 verbose correctMkdir /Users/XU-MAC/.npm correctMkdir not in flight; initializing
47 silly cache afterAdd react-tools@0.13.3
48 verbose afterAdd /Users/XU-MAC/.npm/react-tools/0.13.3/package/package.json not in flight; writing
49 verbose correctMkdir /Users/XU-MAC/.npm correctMkdir not in flight; initializing
50 verbose afterAdd /Users/XU-MAC/.npm/react-tools/0.13.3/package/package.json written
51 silly install resolved [ { name: 'react-tools',
51 silly install resolved     description: 'A set of complementary tools to React, including the JSX transformer.',
51 silly install resolved     version: '0.13.3',
51 silly install resolved     keywords: [ 'react', 'jsx', 'transformer', 'view' ],
51 silly install resolved     homepage: 'https://facebook.github.io/react',
51 silly install resolved     bugs: { url: 'https://github.com/facebook/react/issues' },
51 silly install resolved     license: 'BSD-3-Clause',
51 silly install resolved     files:
51 silly install resolved      [ 'main.js',
51 silly install resolved        'bin/jsx',
51 silly install resolved        'src/',
51 silly install resolved        'vendor/fbtransform/',
51 silly install resolved        'vendor/inline-source-map.js' ],
51 silly install resolved     main: 'main.js',
51 silly install resolved     bin: { jsx: './bin/jsx' },
51 silly install resolved     repository: { type: 'git', url: 'https://github.com/facebook/react' },
51 silly install resolved     dependencies: { commoner: '^0.10.0', jstransform: '^10.1.0' },
51 silly install resolved     devDependencies:
51 silly install resolved      { benchmark: '~1.0.0',
51 silly install resolved        browserify: '^9.0.3',
51 silly install resolved        'bundle-collapser': '^1.1.1',
51 silly install resolved        'coffee-script': '^1.8.0',
51 silly install resolved        coverify: '~1.0.4',
51 silly install resolved        derequire: '^2.0.0',
51 silly install resolved        envify: '^3.0.0',
51 silly install resolved        es3ify: '~0.1.2',
51 silly install resolved        'es5-shim': '^4.0.0',
51 silly install resolved        eslint: '^0.14.1',
51 silly install resolved        'esprima-fb': '^13001.1001.0-dev-harmony-fb',
51 silly install resolved        grunt: '~0.4.2',
51 silly install resolved        'grunt-cli': '~0.1.9',
51 silly install resolved        'grunt-compare-size': '~0.4.0',
51 silly install resolved        'grunt-contrib-clean': '^0.6.0',
51 silly install resolved        'grunt-contrib-compress': '^0.13.0',
51 silly install resolved        'grunt-contrib-connect': '~0.6.0',
51 silly install resolved        'grunt-contrib-jshint': '^0.10.0',
51 silly install resolved        'grunt-jest': '^0.1.2',
51 silly install resolved        'gzip-js': '~0.3.2',
51 silly install resolved        'jasmine-tapreporter': '~0.2.2',
51 silly install resolved        'jest-cli': '^0.2.1',
51 silly install resolved        optimist: '~0.6.0',
51 silly install resolved        phantomjs: '~1.9',
51 silly install resolved        platform: '^1.1.0',
51 silly install resolved        populist: '~0.1.6',
51 silly install resolved        recast: '^0.9.11',
51 silly install resolved        'sauce-tunnel': '~1.1.0',
51 silly install resolved        tmp: '~0.0.18',
51 silly install resolved        typescript: '^1.4.0',
51 silly install resolved        'uglify-js': '^2.4.20',
51 silly install resolved        uglifyify: '^3.0.1',
51 silly install resolved        wd: '~0.2.6' },
51 silly install resolved     engines: { node: '>=0.10.0' },
51 silly install resolved     preferGlobal: true,
51 silly install resolved     commonerConfig: { version: 4 },
51 silly install resolved     scripts:
51 silly install resolved      { test: 'jest',
51 silly install resolved        jest: 'jest',
51 silly install resolved        lint: 'eslint src',
51 silly install resolved        build: 'grunt build' },
51 silly install resolved     jest:
51 silly install resolved      { rootDir: '',
51 silly install resolved        scriptPreprocessor: 'jest/preprocessor.js',
51 silly install resolved        setupEnvScriptFile: 'jest/environment.js',
51 silly install resolved        persistModuleRegistryBetweenSpecs: true,
51 silly install resolved        testFileExtensions: [Object],
51 silly install resolved        modulePathIgnorePatterns: [Object],
51 silly install resolved        testPathIgnorePatterns: [Object],
51 silly install resolved        unmockedModulePathPatterns: [Object] },
51 silly install resolved     _id: 'react-tools@0.13.3',
51 silly install resolved     _shasum: 'da6ac7d4d7777a59a5e951cf46e72fd4b6b40a2c',
51 silly install resolved     _resolved: 'https://registry.npmjs.org/react-tools/-/react-tools-0.13.3.tgz',
51 silly install resolved     _from: 'react-tools@latest',
51 silly install resolved     _npmVersion: '2.7.3',
51 silly install resolved     _nodeVersion: '0.10.38',
51 silly install resolved     _npmUser: { name: 'zpao', email: 'paul@oshannessy.com' },
51 silly install resolved     maintainers: [ [Object], [Object] ],
51 silly install resolved     dist:
51 silly install resolved      { shasum: 'da6ac7d4d7777a59a5e951cf46e72fd4b6b40a2c',
51 silly install resolved        tarball: 'https://registry.npmjs.org/react-tools/-/react-tools-0.13.3.tgz' },
51 silly install resolved     deprecated: 'react-tools is deprecated. For more information, visit https://fb.me/react-tools-deprecated',
51 silly install resolved     directories: {} } ]
52 info install react-tools@0.13.3 into /usr/local/lib
53 info installOne react-tools@0.13.3
54 verbose installOne of react-tools to /usr/local/lib not in flight; installing
55 verbose correctMkdir /Users/XU-MAC/.npm/_locks correctMkdir not in flight; initializing
56 verbose lock using /Users/XU-MAC/.npm/_locks/react-tools-548e65591a6e6311.lock for /usr/local/lib/node_modules/react-tools
57 silly install write writing react-tools 0.13.3 to /usr/local/lib/node_modules/react-tools
58 verbose unbuild lib/node_modules/react-tools
59 silly gentlyRm /usr/local/lib/node_modules/react-tools is being purged from base /usr/local
60 verbose gentlyRm don't care about contents; nuking /usr/local/lib/node_modules/react-tools
61 verbose tar unpack /Users/XU-MAC/.npm/react-tools/0.13.3/package.tgz
62 verbose tar unpacking to /usr/local/lib/node_modules/react-tools
63 silly gentlyRm /usr/local/lib/node_modules/react-tools is being purged
64 verbose gentlyRm don't care about contents; nuking /usr/local/lib/node_modules/react-tools
65 silly gunzTarPerm modes [ '755', '644' ]
66 error tar.unpack untar error /Users/XU-MAC/.npm/react-tools/0.13.3/package.tgz
67 verbose unlock done using /Users/XU-MAC/.npm/_locks/react-tools-548e65591a6e6311.lock for /usr/local/lib/node_modules/react-tools
68 verbose fstream_path /usr/local/lib/node_modules/react-tools
69 verbose fstream_type Directory
70 verbose fstream_class DirWriter
71 verbose stack Error: EACCES: permission denied, mkdir '/usr/local/lib/node_modules/react-tools'
71 verbose stack     at Error (native)
72 verbose fstream_stack /usr/local/lib/node_modules/npm/node_modules/fstream/lib/dir-writer.js:35:25
72 verbose fstream_stack /usr/local/lib/node_modules/npm/node_modules/mkdirp/index.js:47:53
72 verbose fstream_stack FSReqWrap.oncomplete (fs.js:82:15)
73 verbose cwd /Applications/XAMPP/xamppfiles/htdocs/react-demos
74 error Darwin 15.3.0
75 error argv "/usr/local/bin/node" "/usr/local/bin/npm" "install" "-g" "react-tools"
76 error node v4.4.3
77 error npm  v2.15.1
78 error path /usr/local/lib/node_modules/react-tools
79 error code EACCES
80 error errno -13
81 error syscall mkdir
82 error Error: EACCES: permission denied, mkdir '/usr/local/lib/node_modules/react-tools'
82 error     at Error (native)
82 error  { [Error: EACCES: permission denied, mkdir '/usr/local/lib/node_modules/react-tools']
82 error   errno: -13,
82 error   code: 'EACCES',
82 error   syscall: 'mkdir',
82 error   path: '/usr/local/lib/node_modules/react-tools',
82 error   fstream_type: 'Directory',
82 error   fstream_path: '/usr/local/lib/node_modules/react-tools',
82 error   fstream_class: 'DirWriter',
82 error   fstream_stack:
82 error    [ '/usr/local/lib/node_modules/npm/node_modules/fstream/lib/dir-writer.js:35:25',
82 error      '/usr/local/lib/node_modules/npm/node_modules/mkdirp/index.js:47:53',
82 error      'FSReqWrap.oncomplete (fs.js:82:15)' ] }
83 error Please try running this command again as root/Administrator.
84 verbose exit [ -13, true ]
85 verbose unbuild lib/node_modules/react-tools
86 silly gentlyRm /usr/local/lib/node_modules/react-tools is being purged from base /usr/local
87 verbose gentlyRm don't care about contents; nuking /usr/local/lib/node_modules/react-tools
